Job Initiated
2016-11-05 00:51:01.983355
Muxing has started
/mnt/buffer/users/73003/6
/mnt/buffer/users/73003/7
/mnt/buffer/users/73003/8
Uploaded:20161101169393.avi
Uploaded:20161101169393.avi
External encoder ran successfully
Job Initiated
2016-11-06 00:01:01.693582
Muxing has started
External encoder ran successfully


Job Initiated
2016-11-07 00:01:01.854675
Muxing has started
Muxed:*20161106*.jpg
Uploaded:20161106730037
External encoder ran successfully


Job Initiated
2016-11-08 00:01:01.927286
Muxing has started
Muxed:*20161107*.jpg
Uploaded:20161107730037
External encoder ran successfully


Job Initiated
2016-11-09 00:01:01.696129
Muxing has started
External encoder ran successfully


Job Initiated
2016-11-10 00:01:01.673156
Muxing has started
External encoder ran successfully


Job Initiated
2016-11-11 00:01:01.408613
Muxing has started
2414
Muxed:*20161110*.jpg
15947
Muxed:*20161110*.jpg
18009
Muxed:*20161110*.jpg
Uploaded:20161110730037
Uploaded:20161110637869
Uploaded:201611106378610
External encoder ran successfully


